Start testing: Aug 07 02:18 UTC
----------------------------------------------------------
1/9 Testing: Runs
1/9 Test: Runs
Command: "/workspaces/CMakeTutorialCN/tutorial/Step6/build/Tutorial" "25"
Directory: /workspaces/CMakeTutorialCN/tutorial/Step6/build
"Runs" start time: Aug 07 02:18 UTC
Output:
----------------------------------------------------------
Computing sqrt of 25 to be 5 using log and exp
The square root of 25 is 5
<end of output>
Test time =   0.00 sec
----------------------------------------------------------
Test Passed.
"Runs" end time: Aug 07 02:18 UTC
"Runs" time elapsed: 00:00:00
----------------------------------------------------------

2/9 Testing: Usage
2/9 Test: Usage
Command: "/workspaces/CMakeTutorialCN/tutorial/Step6/build/Tutorial"
Directory: /workspaces/CMakeTutorialCN/tutorial/Step6/build
"Usage" start time: Aug 07 02:18 UTC
Output:
----------------------------------------------------------
/workspaces/CMakeTutorialCN/tutorial/Step6/build/Tutorial Version 1.0
Usage: /workspaces/CMakeTutorialCN/tutorial/Step6/build/Tutorial number
<end of output>
Test time =   0.00 sec
----------------------------------------------------------
Test Pass Reason:
Required regular expression found. Regex=[Usage:.*number]
"Usage" end time: Aug 07 02:18 UTC
"Usage" time elapsed: 00:00:00
----------------------------------------------------------

3/9 Testing: Comp4
3/9 Test: Comp4
Command: "/workspaces/CMakeTutorialCN/tutorial/Step6/build/Tutorial" "4"
Directory: /workspaces/CMakeTutorialCN/tutorial/Step6/build
"Comp4" start time: Aug 07 02:18 UTC
Output:
----------------------------------------------------------
Computing sqrt of 4 to be 2 using log and exp
The square root of 4 is 2
<end of output>
Test time =   0.00 sec
----------------------------------------------------------
Test Pass Reason:
Required regular expression found. Regex=[4 is 2]
"Comp4" end time: Aug 07 02:18 UTC
"Comp4" time elapsed: 00:00:00
----------------------------------------------------------

4/9 Testing: Comp9
4/9 Test: Comp9
Command: "/workspaces/CMakeTutorialCN/tutorial/Step6/build/Tutorial" "9"
Directory: /workspaces/CMakeTutorialCN/tutorial/Step6/build
"Comp9" start time: Aug 07 02:18 UTC
Output:
----------------------------------------------------------
Computing sqrt of 9 to be 3 using log and exp
The square root of 9 is 3
<end of output>
Test time =   0.00 sec
----------------------------------------------------------
Test Pass Reason:
Required regular expression found. Regex=[9 is 3]
"Comp9" end time: Aug 07 02:18 UTC
"Comp9" time elapsed: 00:00:00
----------------------------------------------------------

5/9 Testing: Comp5
5/9 Test: Comp5
Command: "/workspaces/CMakeTutorialCN/tutorial/Step6/build/Tutorial" "5"
Directory: /workspaces/CMakeTutorialCN/tutorial/Step6/build
"Comp5" start time: Aug 07 02:18 UTC
Output:
----------------------------------------------------------
Computing sqrt of 5 to be 2.23607 using log and exp
The square root of 5 is 2.23607
<end of output>
Test time =   0.00 sec
----------------------------------------------------------
Test Pass Reason:
Required regular expression found. Regex=[5 is 2.236]
"Comp5" end time: Aug 07 02:18 UTC
"Comp5" time elapsed: 00:00:00
----------------------------------------------------------

6/9 Testing: Comp7
6/9 Test: Comp7
Command: "/workspaces/CMakeTutorialCN/tutorial/Step6/build/Tutorial" "7"
Directory: /workspaces/CMakeTutorialCN/tutorial/Step6/build
"Comp7" start time: Aug 07 02:18 UTC
Output:
----------------------------------------------------------
Computing sqrt of 7 to be 2.64575 using log and exp
The square root of 7 is 2.64575
<end of output>
Test time =   0.00 sec
----------------------------------------------------------
Test Pass Reason:
Required regular expression found. Regex=[7 is 2.645]
"Comp7" end time: Aug 07 02:18 UTC
"Comp7" time elapsed: 00:00:00
----------------------------------------------------------

7/9 Testing: Comp25
7/9 Test: Comp25
Command: "/workspaces/CMakeTutorialCN/tutorial/Step6/build/Tutorial" "25"
Directory: /workspaces/CMakeTutorialCN/tutorial/Step6/build
"Comp25" start time: Aug 07 02:18 UTC
Output:
----------------------------------------------------------
Computing sqrt of 25 to be 5 using log and exp
The square root of 25 is 5
<end of output>
Test time =   0.00 sec
----------------------------------------------------------
Test Pass Reason:
Required regular expression found. Regex=[25 is 5]
"Comp25" end time: Aug 07 02:18 UTC
"Comp25" time elapsed: 00:00:00
----------------------------------------------------------

8/9 Testing: Comp-25
8/9 Test: Comp-25
Command: "/workspaces/CMakeTutorialCN/tutorial/Step6/build/Tutorial" "-25"
Directory: /workspaces/CMakeTutorialCN/tutorial/Step6/build
"Comp-25" start time: Aug 07 02:18 UTC
Output:
----------------------------------------------------------
The square root of -25 is 0
<end of output>
Test time =   0.00 sec
----------------------------------------------------------
Test Pass Reason:
Required regular expression found. Regex=[-25 is [-nan|nan|0]]
"Comp-25" end time: Aug 07 02:18 UTC
"Comp-25" time elapsed: 00:00:00
----------------------------------------------------------

9/9 Testing: Comp0.0001
9/9 Test: Comp0.0001
Command: "/workspaces/CMakeTutorialCN/tutorial/Step6/build/Tutorial" "0.0001"
Directory: /workspaces/CMakeTutorialCN/tutorial/Step6/build
"Comp0.0001" start time: Aug 07 02:18 UTC
Output:
----------------------------------------------------------
Computing sqrt of 0.0001 to be 0.01 using log and exp
The square root of 0.0001 is 0.01
<end of output>
Test time =   0.00 sec
----------------------------------------------------------
Test Pass Reason:
Required regular expression found. Regex=[0.0001 is 0.01]
"Comp0.0001" end time: Aug 07 02:18 UTC
"Comp0.0001" time elapsed: 00:00:00
----------------------------------------------------------

End testing: Aug 07 02:18 UTC
